'|aaa|baaac'         -> '|bc|baaac'         		aa -> bc
'bc|baa|ac'          -> 'bc|bc|ac'          		aa -> bc
'|bcb|cac'           -> '|c|cac'            		bb -> c
'|cca|c'             -> '|d|c'              		cc -> d
'c|cac|'             -> 'c|d|'              		cc -> d
'b|cbc|ac'           -> 'b|d|ac'            		cc -> d
'bcb|cac|'           -> 'bcb|d|'            		cc -> d
'|bcb|d'             -> '|c|d'              		bb -> c
'bcb|aaa|c'          -> 'bcb|bc|c'          		aa -> bc
'|bcb|bcc'           -> '|c|bcc'            		bb -> c
'|cbc|c'             -> '|d|c'              		cc -> d
'c|bcc|'             -> 'c|d|'              		cc -> d
'b|cbb|cc'           -> 'b|c|cc'            		bb -> c
'|bcc|c'             -> '|d|c'              		cc -> d
'b|ccc|'             -> 'b|d|'              		cc -> d
'bc|bbc|c'           -> 'bc|c|c'            		bb -> c
'|bcc|c'             -> '|d|c'              		cc -> d
'b|ccc|'             -> 'b|d|'              		cc -> d
'bcb|bcc|'           -> 'bcb|d|'            		cc -> d
'|bcb|d'             -> '|c|d'              		bb -> c
'bcba|aac|'          -> 'bcba|bc|'          		aa -> bc
'|bcb|abc'           -> '|c|abc'            		bb -> c
'bc|bab|c'           -> 'bc|c|c'            		bb -> c
'|bcc|c'             -> '|d|c'              		cc -> d
'b|ccc|'             -> 'b|d|'              		cc -> d
'|bcb|aaac'          -> '|c|aaac'           		bb -> c
'|caa|ac'            -> '|bc|ac'            		aa -> bc
'b|cac|'             -> 'b|d|'              		cc -> d
'c|aaa|c'            -> 'c|bc|c'            		aa -> bc
'|cbc|c'             -> '|d|c'              		cc -> d
'c|bcc|'             -> 'c|d|'              		cc -> d
'ca|aac|'            -> 'ca|bc|'            		aa -> bc
'a|aab|aaac'         -> 'a|bc|aaac'         		aa -> bc
'ab|caa|ac'          -> 'ab|bc|ac'          		aa -> bc
'|abb|cac'           -> '|c|cac'            		bb -> c
'|cca|c'             -> '|d|c'              		cc -> d
'c|cac|'             -> 'c|d|'              		cc -> d
'a|bbc|ac'           -> 'a|c|ac'            		bb -> c
'|aca|c'             -> '|bc|c'             		aa -> bc
'|bcc|'              -> '|d|'               		cc -> d
'a|cac|'             -> 'a|d|'              		cc -> d
'abb|cac|'           -> 'abb|d|'            		cc -> d
'|abb|d'             -> '|c|d'              		bb -> c
'a|bbd|'             -> 'a|c|'              		bb -> c
'abc|aaa|c'          -> 'abc|bc|c'          		aa -> bc
'a|bcb|cc'           -> 'a|c|cc'            		bb -> c
'|acc|c'             -> '|d|c'              		cc -> d
'a|ccc|'             -> 'a|d|'              		cc -> d
'ab|cbc|c'           -> 'ab|d|c'            		cc -> d
'abc|bcc|'           -> 'abc|d|'            		cc -> d
'abca|aac|'          -> 'abca|bc|'          		aa -> bc
'aa|aba|aac'         -> 'aa|bc|aac'         		aa -> bc
'|aab|caac'          -> '|bc|caac'          		aa -> bc
'bc|caa|c'           -> 'bc|bc|c'           		aa -> bc
'|bcb|cc'            -> '|c|cc'             		bb -> c
'|ccc|'              -> '|d|'               		cc -> d
'b|cbc|c'            -> 'b|d|c'             		cc -> d
'bc|bcc|'            -> 'bc|d|'             		cc -> d
'bcc|aac|'           -> 'bcc|bc|'           		aa -> bc
'|bcc|bc'            -> '|d|bc'             		cc -> d
'b|ccb|c'            -> 'b|d|c'             		cc -> d
'bc|cbc|'            -> 'bc|d|'             		cc -> d
'|bcc|aac'           -> '|d|aac'            		cc -> d
'|daa|c'             -> '|bc|c'             		aa -> bc
'|bcc|'              -> '|d|'               		cc -> d
'd|aac|'             -> 'd|bc|'             		aa -> bc
'b|cca|ac'           -> 'b|d|ac'            		cc -> d
'aab|caa|c'          -> 'aab|bc|c'          		aa -> bc
'|aab|bcc'           -> '|bc|bcc'           		aa -> bc
'|bcb|cc'            -> '|c|cc'             		bb -> c
'|ccc|'              -> '|d|'               		cc -> d
'b|cbc|c'            -> 'b|d|c'             		cc -> d
'bc|bcc|'            -> 'bc|d|'             		cc -> d
'a|abb|cc'           -> 'a|c|cc'            		bb -> c
'|acc|c'             -> '|d|c'              		cc -> d
'a|ccc|'             -> 'a|d|'              		cc -> d
'aa|bbc|c'           -> 'aa|c|c'            		bb -> c
'|aac|c'             -> '|bc|c'             		aa -> bc
'|bcc|'              -> '|d|'               		cc -> d
'a|acc|'             -> 'a|d|'              		cc -> d
'aab|bcc|'           -> 'aab|d|'            		cc -> d
'|aab|d'             -> '|bc|d'             		aa -> bc
'aabc|aac|'          -> 'aabc|bc|'          		aa -> bc
'|aab|cbc'           -> '|bc|cbc'           		aa -> bc
'|bcc|bc'            -> '|d|bc'             		cc -> d
'b|ccb|c'            -> 'b|d|c'             		cc -> d
'bc|cbc|'            -> 'bc|d|'             		cc -> d
'aa|bcb|c'           -> 'aa|c|c'            		bb -> c
'|aac|c'             -> '|bc|c'             		aa -> bc
'|bcc|'              -> '|d|'               		cc -> d
'a|acc|'             -> 'a|d|'              		cc -> d
'aab|cbc|'           -> 'aab|d|'            		cc -> d
'|aab|d'             -> '|bc|d'             		aa -> bc
'aaa|baa|ac'         -> 'aaa|bc|ac'         		aa -> bc
'|aaa|bcac'          -> '|bc|bcac'          		aa -> bc
'|bcb|cac'           -> '|c|cac'            		bb -> c
'|cca|c'             -> '|d|c'              		cc -> d
'c|cac|'             -> 'c|d|'              		cc -> d
'b|cbc|ac'           -> 'b|d|ac'            		cc -> d
'bcb|cac|'           -> 'bcb|d|'            		cc -> d
'|bcb|d'             -> '|c|d'              		bb -> c
'a|aab|cac'          -> 'a|bc|cac'          		aa -> bc
'a|bcc|ac'           -> 'a|d|ac'            		cc -> d
'|ada|c'             -> '|bc|c'             		aa -> bc
'|bcc|'              -> '|d|'               		cc -> d
'ab|cca|c'           -> 'ab|d|c'            		cc -> d
'abc|cac|'           -> 'abc|d|'            		cc -> d
'aaab|cac|'          -> 'aaab|d|'           		cc -> d
'|aaa|bd'            -> '|bc|bd'            		aa -> bc
'|bcb|d'             -> '|c|d'              		bb -> c
'a|aab|d'            -> 'a|bc|d'            		aa -> bc
'aaab|aaa|c'         -> 'aaab|bc|c'         		aa -> bc
'|aaa|bbcc'          -> '|bc|bbcc'          		aa -> bc
'|bcb|bcc'           -> '|c|bcc'            		bb -> c
'|cbc|c'             -> '|d|c'              		cc -> d
'c|bcc|'             -> 'c|d|'              		cc -> d
'b|cbb|cc'           -> 'b|c|cc'            		bb -> c
'|bcc|c'             -> '|d|c'              		cc -> d
'b|ccc|'             -> 'b|d|'              		cc -> d
'bc|bbc|c'           -> 'bc|c|c'            		bb -> c
'|bcc|c'             -> '|d|c'              		cc -> d
'b|ccc|'             -> 'b|d|'              		cc -> d
'bcb|bcc|'           -> 'bcb|d|'            		cc -> d
'|bcb|d'             -> '|c|d'              		bb -> c
'a|aab|bcc'          -> 'a|bc|bcc'          		aa -> bc
'a|bcb|cc'           -> 'a|c|cc'            		bb -> c
'|acc|c'             -> '|d|c'              		cc -> d
'a|ccc|'             -> 'a|d|'              		cc -> d
'ab|cbc|c'           -> 'ab|d|c'            		cc -> d
'abc|bcc|'           -> 'abc|d|'            		cc -> d
'aa|abb|cc'          -> 'aa|c|cc'           		bb -> c
'|aac|cc'            -> '|bc|cc'            		aa -> bc
'|bcc|c'             -> '|d|c'              		cc -> d
'b|ccc|'             -> 'b|d|'              		cc -> d
'a|acc|c'            -> 'a|d|c'             		cc -> d
'aa|ccc|'            -> 'aa|d|'             		cc -> d
'|aad|'              -> '|bc|'              		aa -> bc
'aaa|bbc|c'          -> 'aaa|c|c'           		bb -> c
'|aaa|cc'            -> '|bc|cc'            		aa -> bc
'|bcc|c'             -> '|d|c'              		cc -> d
'b|ccc|'             -> 'b|d|'              		cc -> d
'a|aac|c'            -> 'a|bc|c'            		aa -> bc
'a|bcc|'             -> 'a|d|'              		cc -> d
'aa|acc|'            -> 'aa|d|'             		cc -> d
'|aad|'              -> '|bc|'              		aa -> bc
'aaab|bcc|'          -> 'aaab|d|'           		cc -> d
'|aaa|bd'            -> '|bc|bd'            		aa -> bc
'|bcb|d'             -> '|c|d'              		bb -> c
'a|aab|d'            -> 'a|bc|d'            		aa -> bc
'aaaba|aac|'         -> 'aaaba|bc|'         		aa -> bc
'|aaa|babc'          -> '|bc|babc'          		aa -> bc
'|bcb|abc'           -> '|c|abc'            		bb -> c
'bc|bab|c'           -> 'bc|c|c'            		bb -> c
'|bcc|c'             -> '|d|c'              		cc -> d
'b|ccc|'             -> 'b|d|'              		cc -> d
'a|aab|abc'          -> 'a|bc|abc'          		aa -> bc
'aa|aba|bc'          -> 'aa|bc|bc'          		aa -> bc
'|aab|cbc'           -> '|bc|cbc'           		aa -> bc
'|bcc|bc'            -> '|d|bc'             		cc -> d
'b|ccb|c'            -> 'b|d|c'             		cc -> d
'bc|cbc|'            -> 'bc|d|'             		cc -> d
'aa|bcb|c'           -> 'aa|c|c'            		bb -> c
'|aac|c'             -> '|bc|c'             		aa -> bc
'|bcc|'              -> '|d|'               		cc -> d
'a|acc|'             -> 'a|d|'              		cc -> d
'aab|cbc|'           -> 'aab|d|'            		cc -> d
'|aab|d'             -> '|bc|d'             		aa -> bc
'aaa|bab|c'          -> 'aaa|c|c'           		bb -> c
'|aaa|cc'            -> '|bc|cc'            		aa -> bc
'|bcc|c'             -> '|d|c'              		cc -> d
'b|ccc|'             -> 'b|d|'              		cc -> d
'a|aac|c'            -> 'a|bc|c'            		aa -> bc
'a|bcc|'             -> 'a|d|'              		cc -> d
'aa|acc|'            -> 'aa|d|'             		cc -> d
'|aad|'              -> '|bc|'              		aa -> bc
